Analysis & Synthesis report for novopbl
Mon Sep 22 09:47:55 2025
Quartus Prime Version 23.1std.0 Build 991 11/28/2023 SC Lite Edition


---------------------
; Table of Contents ;
---------------------
  1. Legal Notice
  2. Analysis & Synthesis Summary
  3. Analysis & Synthesis Settings
  4. Parallel Compilation
  5. Analysis & Synthesis Source Files Read
  6. Analysis & Synthesis Resource Usage Summary
  7. Analysis & Synthesis Resource Utilization by Entity
  8. General Register Statistics
  9. Port Connectivity Checks: "multiplexador8x8:U_MUX|multiplexadorbase:BIT7"
 10. Port Connectivity Checks: "multiplexador8x8:U_MUX|multiplexadorbase:BIT6"
 11. Port Connectivity Checks: "multiplexador8x8:U_MUX|multiplexadorbase:BIT5"
 12. Port Connectivity Checks: "multiplexador8x8:U_MUX|multiplexadorbase:BIT4"
 13. Port Connectivity Checks: "multiplexador8x8:U_MUX|multiplexadorbase:BIT3"
 14. Port Connectivity Checks: "multiplexador8x8:U_MUX|multiplexadorbase:BIT2"
 15. Port Connectivity Checks: "multiplexador8x8:U_MUX|multiplexadorbase:BIT1"
 16. Port Connectivity Checks: "multiplexador8x8:U_MUX|multiplexadorbase:BIT0"
 17. Port Connectivity Checks: "divisor4x4:U_DIV|estagiodivisao:E0|subtrator4x4:U_SUB"
 18. Port Connectivity Checks: "divisor4x4:U_DIV|estagiodivisao:E0"
 19. Port Connectivity Checks: "divisor4x4:U_DIV"
 20. Port Connectivity Checks: "multiplicador4x4:U_MULTI|somadorbase:M14"
 21. Post-Synthesis Netlist Statistics for Top Partition
 22. Elapsed Time Per Partition
 23. Analysis & Synthesis Messages
 24. Analysis & Synthesis Suppressed Messages



----------------
; Legal Notice ;
----------------
Copyright (C) 2023  Intel Corporation. All rights reserved.
Your use of Intel Corporation's design tools, logic functions 
and other software and tools, and any partner logic 
functions, and any output files from any of the foregoing 
(including device programming or simulation files), and any 
associated documentation or information are expressly subject 
to the terms and conditions of the Intel Program License 
Subscription Agreement, the Intel Quartus Prime License Agreement,
the Intel FPGA IP License Agreement, or other applicable license
agreement, including, without limitation, that your use is for
the sole purpose of programming logic devices manufactured by
Intel and sold by Intel or its authorized distributors.  Please
refer to the applicable agreement for further details, at
https://fpgasoftware.intel.com/eula.



+-------------------------------------------------------------------------------------+
; Analysis & Synthesis Summary                                                        ;
+------------------------------------+------------------------------------------------+
; Analysis & Synthesis Status        ; Successful - Mon Sep 22 09:47:55 2025          ;
; Quartus Prime Version              ; 23.1std.0 Build 991 11/28/2023 SC Lite Edition ;
; Revision Name                      ; novopbl                                        ;
; Top-level Entity Name              ; ULA                                            ;
; Family                             ; MAX 10                                         ;
; Total logic elements               ; 99                                             ;
;     Total combinational functions  ; 99                                             ;
;     Dedicated logic registers      ; 0                                              ;
; Total registers                    ; 0                                              ;
; Total pins                         ; 30                                             ;
; Total virtual pins                 ; 0                                              ;
; Total memory bits                  ; 0                                              ;
; Embedded Multiplier 9-bit elements ; 0                                              ;
; Total PLLs                         ; 0                                              ;
; UFM blocks                         ; 0                                              ;
; ADC blocks                         ; 0                                              ;
+------------------------------------+------------------------------------------------+


+------------------------------------------------------------------------------------------------------------+
; Analysis & Synthesis Settings                                                                              ;
+------------------------------------------------------------------+--------------------+--------------------+
; Option                                                           ; Setting            ; Default Value      ;
+------------------------------------------------------------------+--------------------+--------------------+
; Device                                                           ; 10M50DAF484C7G     ;                    ;
; Top-level entity name                                            ; ULA                ; novopbl            ;
; Family name                                                      ; MAX 10             ; Cyclone V          ;
; Use smart compilation                                            ; Off                ; Off                ;
; Enable parallel Assembler and Timing Analyzer during compilation ; On                 ; On                 ;
; Enable compact report table                                      ; Off                ; Off                ;
; Restructure Multiplexers                                         ; Auto               ; Auto               ;
; Create Debugging Nodes for IP Cores                              ; Off                ; Off                ;
; Preserve fewer node names                                        ; On                 ; On                 ;
; Intel FPGA IP Evaluation Mode                                    ; Enable             ; Enable             ;
; Verilog Version                                                  ; Verilog_2001       ; Verilog_2001       ;
; VHDL Version                                                     ; VHDL_1993          ; VHDL_1993          ;
; State Machine Processing                                         ; Auto               ; Auto               ;
; Safe State Machine                                               ; Off                ; Off                ;
; Extract Verilog State Machines                                   ; On                 ; On                 ;
; Extract VHDL State Machines                                      ; On                 ; On                 ;
; Ignore Verilog initial constructs                                ; Off                ; Off                ;
; Iteration limit for constant Verilog loops                       ; 5000               ; 5000               ;
; Iteration limit for non-constant Verilog loops                   ; 250                ; 250                ;
; Add Pass-Through Logic to Inferred RAMs                          ; On                 ; On                 ;
; Infer RAMs from Raw Logic                                        ; On                 ; On                 ;
; Parallel Synthesis                                               ; On                 ; On                 ;
; DSP Block Balancing                                              ; Auto               ; Auto               ;
; NOT Gate Push-Back                                               ; On                 ; On                 ;
; Power-Up Don't Care                                              ; On                 ; On                 ;
; Remove Redundant Logic Cells                                     ; Off                ; Off                ;
; Remove Duplicate Registers                                       ; On                 ; On                 ;
; Ignore CARRY Buffers                                             ; Off                ; Off                ;
; Ignore CASCADE Buffers                                           ; Off                ; Off                ;
; Ignore GLOBAL Buffers                                            ; Off                ; Off                ;
; Ignore ROW GLOBAL Buffers                                        ; Off                ; Off                ;
; Ignore LCELL Buffers                                             ; Off                ; Off                ;
; Ignore SOFT Buffers                                              ; On                 ; On                 ;
; Limit AHDL Integers to 32 Bits                                   ; Off                ; Off                ;
; Optimization Technique                                           ; Balanced           ; Balanced           ;
; Carry Chain Length                                               ; 70                 ; 70                 ;
; Auto Carry Chains                                                ; On                 ; On                 ;
; Auto Open-Drain Pins                                             ; On                 ; On                 ;
; Perform WYSIWYG Primitive Resynthesis                            ; Off                ; Off                ;
; Auto ROM Replacement                                             ; On                 ; On                 ;
; Auto RAM Replacement                                             ; On                 ; On                 ;
; Auto DSP Block Replacement                                       ; On                 ; On                 ;
; Auto Shift Register Replacement                                  ; Auto               ; Auto               ;
; Allow Shift Register Merging across Hierarchies                  ; Auto               ; Auto               ;
; Auto Clock Enable Replacement                                    ; On                 ; On                 ;
; Strict RAM Replacement                                           ; Off                ; Off                ;
; Allow Synchronous Control Signals                                ; On                 ; On                 ;
; Force Use of Synchronous Clear Signals                           ; Off                ; Off                ;
; Auto RAM Block Balancing                                         ; On                 ; On                 ;
; Auto RAM to Logic Cell Conversion                                ; Off                ; Off                ;
; Auto Resource Sharing                                            ; Off                ; Off                ;
; Allow Any RAM Size For Recognition                               ; Off                ; Off                ;
; Allow Any ROM Size For Recognition                               ; Off                ; Off                ;
; Allow Any Shift Register Size For Recognition                    ; Off                ; Off                ;
; Use LogicLock Constraints during Resource Balancing              ; On                 ; On                 ;
; Ignore translate_off and synthesis_off directives                ; Off                ; Off                ;
; Timing-Driven Synthesis                                          ; On                 ; On                 ;
; Report Parameter Settings                                        ; On                 ; On                 ;
; Report Source Assignments                                        ; On                 ; On                 ;
; Report Connectivity Checks                                       ; On                 ; On                 ;
; Ignore Maximum Fan-Out Assignments                               ; Off                ; Off                ;
; Synchronization Register Chain Length                            ; 2                  ; 2                  ;
; Power Optimization During Synthesis                              ; Normal compilation ; Normal compilation ;
; HDL message level                                                ; Level2             ; Level2             ;
; Suppress Register Optimization Related Messages                  ; Off                ; Off                ;
; Number of Removed Registers Reported in Synthesis Report         ; 5000               ; 5000               ;
; Number of Swept Nodes Reported in Synthesis Report               ; 5000               ; 5000               ;
; Number of Inverted Registers Reported in Synthesis Report        ; 100                ; 100                ;
; Clock MUX Protection                                             ; On                 ; On                 ;
; Auto Gated Clock Conversion                                      ; Off                ; Off                ;
; Block Design Naming                                              ; Auto               ; Auto               ;
; SDC constraint protection                                        ; Off                ; Off                ;
; Synthesis Effort                                                 ; Auto               ; Auto               ;
; Shift Register Replacement - Allow Asynchronous Clear Signal     ; On                 ; On                 ;
; Pre-Mapping Resynthesis Optimization                             ; Off                ; Off                ;
; Analysis & Synthesis Message Level                               ; Medium             ; Medium             ;
; Disable Register Merging Across Hierarchies                      ; Auto               ; Auto               ;
; Resource Aware Inference For Block RAM                           ; On                 ; On                 ;
+------------------------------------------------------------------+--------------------+--------------------+


+------------------------------------------+
; Parallel Compilation                     ;
+----------------------------+-------------+
; Processors                 ; Number      ;
+----------------------------+-------------+
; Number detected on machine ; 20          ;
; Maximum allowed            ; 14          ;
;                            ;             ;
; Average used               ; 1.00        ;
; Maximum used               ; 1           ;
;                            ;             ;
; Usage by Processor         ; % Time Used ;
;     Processor 1            ; 100.0%      ;
+----------------------------+-------------+


+----------------------------------------------------------------------------------------------------------------------------------------------+
; Analysis & Synthesis Source Files Read                                                                                                       ;
+----------------------------------+-----------------+------------------------+------------------------------------------------------+---------+
; File Name with User-Entered Path ; Used in Netlist ; File Type              ; File Name with Absolute Path                         ; Library ;
+----------------------------------+-----------------+------------------------+------------------------------------------------------+---------+
; xor4bits.v                       ; yes             ; User Verilog HDL File  ; /home/aluno/Documentos/pbl walef/xor4bits.v          ;         ;
; and4bits.v                       ; yes             ; User Verilog HDL File  ; /home/aluno/Documentos/pbl walef/and4bits.v          ;         ;
; or4bits.v                        ; yes             ; User Verilog HDL File  ; /home/aluno/Documentos/pbl walef/or4bits.v           ;         ;
; somadorbase.v                    ; yes             ; User Verilog HDL File  ; /home/aluno/Documentos/pbl walef/somadorbase.v       ;         ;
; somador4x4.v                     ; yes             ; User Verilog HDL File  ; /home/aluno/Documentos/pbl walef/somador4x4.v        ;         ;
; subtratorbase.v                  ; yes             ; User Verilog HDL File  ; /home/aluno/Documentos/pbl walef/subtratorbase.v     ;         ;
; subtrator4x4.v                   ; yes             ; User Verilog HDL File  ; /home/aluno/Documentos/pbl walef/subtrator4x4.v      ;         ;
; multiplexadorbase.v              ; yes             ; User Verilog HDL File  ; /home/aluno/Documentos/pbl walef/multiplexadorbase.v ;         ;
; multiplexador8x8.v               ; yes             ; User Verilog HDL File  ; /home/aluno/Documentos/pbl walef/multiplexador8x8.v  ;         ;
; flagzero.v                       ; yes             ; User Verilog HDL File  ; /home/aluno/Documentos/pbl walef/flagzero.v          ;         ;
; flagcout.v                       ; yes             ; User Verilog HDL File  ; /home/aluno/Documentos/pbl walef/flagcout.v          ;         ;
; ULA.v                            ; yes             ; User Verilog HDL File  ; /home/aluno/Documentos/pbl walef/ULA.v               ;         ;
; muxdivisorbase.v                 ; yes             ; User Verilog HDL File  ; /home/aluno/Documentos/pbl walef/muxdivisorbase.v    ;         ;
; muxdivisor4x4.v                  ; yes             ; User Verilog HDL File  ; /home/aluno/Documentos/pbl walef/muxdivisor4x4.v     ;         ;
; divisor4x4.v                     ; yes             ; User Verilog HDL File  ; /home/aluno/Documentos/pbl walef/divisor4x4.v        ;         ;
; meiosomador.v                    ; yes             ; User Verilog HDL File  ; /home/aluno/Documentos/pbl walef/meiosomador.v       ;         ;
; multiplicador4x4.v               ; yes             ; User Verilog HDL File  ; /home/aluno/Documentos/pbl walef/multiplicador4x4.v  ;         ;
; flagoverflow.v                   ; yes             ; User Verilog HDL File  ; /home/aluno/Documentos/pbl walef/flagoverflow.v      ;         ;
; flagerro.v                       ; yes             ; User Verilog HDL File  ; /home/aluno/Documentos/pbl walef/flagerro.v          ;         ;
; estagiodivisao.v                 ; yes             ; User Verilog HDL File  ; /home/aluno/Documentos/pbl walef/estagiodivisao.v    ;         ;
; seg_a0.v                         ; yes             ; User Verilog HDL File  ; /home/aluno/Documentos/pbl walef/seg_a0.v            ;         ;
; seg_a1.v                         ; yes             ; User Verilog HDL File  ; /home/aluno/Documentos/pbl walef/seg_a1.v            ;         ;
; seg_b0.v                         ; yes             ; User Verilog HDL File  ; /home/aluno/Documentos/pbl walef/seg_b0.v            ;         ;
; seg_b1.v                         ; yes             ; User Verilog HDL File  ; /home/aluno/Documentos/pbl walef/seg_b1.v            ;         ;
; seg_c0.v                         ; yes             ; User Verilog HDL File  ; /home/aluno/Documentos/pbl walef/seg_c0.v            ;         ;
; seg_c1.v                         ; yes             ; User Verilog HDL File  ; /home/aluno/Documentos/pbl walef/seg_c1.v            ;         ;
; seg_d0.v                         ; yes             ; User Verilog HDL File  ; /home/aluno/Documentos/pbl walef/seg_d0.v            ;         ;
; seg_d1.v                         ; yes             ; User Verilog HDL File  ; /home/aluno/Documentos/pbl walef/seg_d1.v            ;         ;
; seg_e0.v                         ; yes             ; User Verilog HDL File  ; /home/aluno/Documentos/pbl walef/seg_e0.v            ;         ;
; seg_e1.v                         ; yes             ; User Verilog HDL File  ; /home/aluno/Documentos/pbl walef/seg_e1.v            ;         ;
; seg_f0.v                         ; yes             ; User Verilog HDL File  ; /home/aluno/Documentos/pbl walef/seg_f0.v            ;         ;
; seg_f1.v                         ; yes             ; User Verilog HDL File  ; /home/aluno/Documentos/pbl walef/seg_f1.v            ;         ;
; seg_g0.v                         ; yes             ; User Verilog HDL File  ; /home/aluno/Documentos/pbl walef/seg_g0.v            ;         ;
; seg_g1.v                         ; yes             ; User Verilog HDL File  ; /home/aluno/Documentos/pbl walef/seg_g1.v            ;         ;
; decoder_7seg.v                   ; yes             ; User Verilog HDL File  ; /home/aluno/Documentos/pbl walef/decoder_7seg.v      ;         ;
+----------------------------------+-----------------+------------------------+------------------------------------------------------+---------+


+----------------------------------------------------------+
; Analysis & Synthesis Resource Usage Summary              ;
+---------------------------------------------+------------+
; Resource                                    ; Usage      ;
+---------------------------------------------+------------+
; Estimated Total logic elements              ; 99         ;
;                                             ;            ;
; Total combinational functions               ; 99         ;
; Logic element usage by number of LUT inputs ;            ;
;     -- 4 input functions                    ; 66         ;
;     -- 3 input functions                    ; 23         ;
;     -- <=2 input functions                  ; 10         ;
;                                             ;            ;
; Logic elements by mode                      ;            ;
;     -- normal mode                          ; 99         ;
;     -- arithmetic mode                      ; 0          ;
;                                             ;            ;
; Total registers                             ; 0          ;
;     -- Dedicated logic registers            ; 0          ;
;     -- I/O registers                        ; 0          ;
;                                             ;            ;
; I/O pins                                    ; 30         ;
;                                             ;            ;
; Embedded Multiplier 9-bit elements          ; 0          ;
;                                             ;            ;
; Maximum fan-out node                        ; B[0]~input ;
; Maximum fan-out                             ; 23         ;
; Total fan-out                               ; 398        ;
; Average fan-out                             ; 2.50       ;
+---------------------------------------------+------------+


+---------------------------------------------------------------------------------------------------------------------------------------------------------------------------------------------------------------------------------------------------------------------------------------------------------+
; Analysis & Synthesis Resource Utilization by Entity                                                                                                                                                                                                                                                     ;
+---------------------------------+---------------------+---------------------------+-------------+------------+--------------+---------+-----------+------+--------------+------------+-------------------------------------------------------------------------------+-------------------+--------------+
; Compilation Hierarchy Node      ; Combinational ALUTs ; Dedicated Logic Registers ; Memory Bits ; UFM Blocks ; DSP Elements ; DSP 9x9 ; DSP 18x18 ; Pins ; Virtual Pins ; ADC blocks ; Full Hierarchy Name                                                           ; Entity Name       ; Library Name ;
+---------------------------------+---------------------+---------------------------+-------------+------------+--------------+---------+-----------+------+--------------+------------+-------------------------------------------------------------------------------+-------------------+--------------+
; |ULA                            ; 99 (0)              ; 0 (0)                     ; 0           ; 0          ; 0            ; 0       ; 0         ; 30   ; 0            ; 0          ; |ULA                                                                          ; ULA               ; work         ;
;    |decoder_7seg:U_DECODER|     ; 9 (0)               ; 0 (0)                     ; 0           ; 0          ; 0            ; 0       ; 0         ; 0    ; 0            ; 0          ; |ULA|decoder_7seg:U_DECODER                                                   ; decoder_7seg      ; work         ;
;       |seg_a0:a0_inst|          ; 1 (1)               ; 0 (0)                     ; 0           ; 0          ; 0            ; 0       ; 0         ; 0    ; 0            ; 0          ; |ULA|decoder_7seg:U_DECODER|seg_a0:a0_inst                                    ; seg_a0            ; work         ;
;       |seg_a1:a1_inst|          ; 1 (1)               ; 0 (0)                     ; 0           ; 0          ; 0            ; 0       ; 0         ; 0    ; 0            ; 0          ; |ULA|decoder_7seg:U_DECODER|seg_a1:a1_inst                                    ; seg_a1            ; work         ;
;       |seg_b0:b0_inst|          ; 1 (1)               ; 0 (0)                     ; 0           ; 0          ; 0            ; 0       ; 0         ; 0    ; 0            ; 0          ; |ULA|decoder_7seg:U_DECODER|seg_b0:b0_inst                                    ; seg_b0            ; work         ;
;       |seg_c0:c0_inst|          ; 1 (1)               ; 0 (0)                     ; 0           ; 0          ; 0            ; 0       ; 0         ; 0    ; 0            ; 0          ; |ULA|decoder_7seg:U_DECODER|seg_c0:c0_inst                                    ; seg_c0            ; work         ;
;       |seg_d0:d0_inst|          ; 1 (1)               ; 0 (0)                     ; 0           ; 0          ; 0            ; 0       ; 0         ; 0    ; 0            ; 0          ; |ULA|decoder_7seg:U_DECODER|seg_d0:d0_inst                                    ; seg_d0            ; work         ;
;       |seg_e0:e0_inst|          ; 1 (1)               ; 0 (0)                     ; 0           ; 0          ; 0            ; 0       ; 0         ; 0    ; 0            ; 0          ; |ULA|decoder_7seg:U_DECODER|seg_e0:e0_inst                                    ; seg_e0            ; work         ;
;       |seg_f0:f0_inst|          ; 1 (1)               ; 0 (0)                     ; 0           ; 0          ; 0            ; 0       ; 0         ; 0    ; 0            ; 0          ; |ULA|decoder_7seg:U_DECODER|seg_f0:f0_inst                                    ; seg_f0            ; work         ;
;       |seg_g0:g0_inst|          ; 2 (2)               ; 0 (0)                     ; 0           ; 0          ; 0            ; 0       ; 0         ; 0    ; 0            ; 0          ; |ULA|decoder_7seg:U_DECODER|seg_g0:g0_inst                                    ; seg_g0            ; work         ;
;    |divisor4x4:U_DIV|           ; 20 (0)              ; 0 (0)                     ; 0           ; 0          ; 0            ; 0       ; 0         ; 0    ; 0            ; 0          ; |ULA|divisor4x4:U_DIV                                                         ; divisor4x4        ; work         ;
;       |estagiodivisao:E1|       ; 5 (0)               ; 0 (0)                     ; 0           ; 0          ; 0            ; 0       ; 0         ; 0    ; 0            ; 0          ; |ULA|divisor4x4:U_DIV|estagiodivisao:E1                                       ; estagiodivisao    ; work         ;
;          |muxdivisor4x4:U_MUX|  ; 3 (0)               ; 0 (0)                     ; 0           ; 0          ; 0            ; 0       ; 0         ; 0    ; 0            ; 0          ; |ULA|divisor4x4:U_DIV|estagiodivisao:E1|muxdivisor4x4:U_MUX                   ; muxdivisor4x4     ; work         ;
;             |muxdivisorbase:U0| ; 1 (1)               ; 0 (0)                     ; 0           ; 0          ; 0            ; 0       ; 0         ; 0    ; 0            ; 0          ; |ULA|divisor4x4:U_DIV|estagiodivisao:E1|muxdivisor4x4:U_MUX|muxdivisorbase:U0 ; muxdivisorbase    ; work         ;
;             |muxdivisorbase:U1| ; 2 (2)               ; 0 (0)                     ; 0           ; 0          ; 0            ; 0       ; 0         ; 0    ; 0            ; 0          ; |ULA|divisor4x4:U_DIV|estagiodivisao:E1|muxdivisor4x4:U_MUX|muxdivisorbase:U1 ; muxdivisorbase    ; work         ;
;          |subtrator4x4:U_SUB|   ; 2 (0)               ; 0 (0)                     ; 0           ; 0          ; 0            ; 0       ; 0         ; 0    ; 0            ; 0          ; |ULA|divisor4x4:U_DIV|estagiodivisao:E1|subtrator4x4:U_SUB                    ; subtrator4x4      ; work         ;
;             |subtratorbase:s3|  ; 2 (2)               ; 0 (0)                     ; 0           ; 0          ; 0            ; 0       ; 0         ; 0    ; 0            ; 0          ; |ULA|divisor4x4:U_DIV|estagiodivisao:E1|subtrator4x4:U_SUB|subtratorbase:s3   ; subtratorbase     ; work         ;
;       |estagiodivisao:E2|       ; 3 (0)               ; 0 (0)                     ; 0           ; 0          ; 0            ; 0       ; 0         ; 0    ; 0            ; 0          ; |ULA|divisor4x4:U_DIV|estagiodivisao:E2                                       ; estagiodivisao    ; work         ;
;          |subtrator4x4:U_SUB|   ; 3 (0)               ; 0 (0)                     ; 0           ; 0          ; 0            ; 0       ; 0         ; 0    ; 0            ; 0          ; |ULA|divisor4x4:U_DIV|estagiodivisao:E2|subtrator4x4:U_SUB                    ; subtrator4x4      ; work         ;
;             |subtratorbase:s1|  ; 1 (1)               ; 0 (0)                     ; 0           ; 0          ; 0            ; 0       ; 0         ; 0    ; 0            ; 0          ; |ULA|divisor4x4:U_DIV|estagiodivisao:E2|subtrator4x4:U_SUB|subtratorbase:s1   ; subtratorbase     ; work         ;
;             |subtratorbase:s3|  ; 2 (2)               ; 0 (0)                     ; 0           ; 0          ; 0            ; 0       ; 0         ; 0    ; 0            ; 0          ; |ULA|divisor4x4:U_DIV|estagiodivisao:E2|subtrator4x4:U_SUB|subtratorbase:s3   ; subtratorbase     ; work         ;
;       |estagiodivisao:E3|       ; 12 (0)              ; 0 (0)                     ; 0           ; 0          ; 0            ; 0       ; 0         ; 0    ; 0            ; 0          ; |ULA|divisor4x4:U_DIV|estagiodivisao:E3                                       ; estagiodivisao    ; work         ;
;          |subtrator4x4:U_SUB|   ; 12 (0)              ; 0 (0)                     ; 0           ; 0          ; 0            ; 0       ; 0         ; 0    ; 0            ; 0          ; |ULA|divisor4x4:U_DIV|estagiodivisao:E3|subtrator4x4:U_SUB                    ; subtrator4x4      ; work         ;
;             |subtratorbase:s3|  ; 12 (12)             ; 0 (0)                     ; 0           ; 0          ; 0            ; 0       ; 0         ; 0    ; 0            ; 0          ; |ULA|divisor4x4:U_DIV|estagiodivisao:E3|subtrator4x4:U_SUB|subtratorbase:s3   ; subtratorbase     ; work         ;
;    |flagcout:U_COUT|            ; 3 (3)               ; 0 (0)                     ; 0           ; 0          ; 0            ; 0       ; 0         ; 0    ; 0            ; 0          ; |ULA|flagcout:U_COUT                                                          ; flagcout          ; work         ;
;    |flagerro:U_ERRO|            ; 3 (3)               ; 0 (0)                     ; 0           ; 0          ; 0            ; 0       ; 0         ; 0    ; 0            ; 0          ; |ULA|flagerro:U_ERRO                                                          ; flagerro          ; work         ;
;    |flagoverflow:U_OVERFLOW|    ; 4 (4)               ; 0 (0)                     ; 0           ; 0          ; 0            ; 0       ; 0         ; 0    ; 0            ; 0          ; |ULA|flagoverflow:U_OVERFLOW                                                  ; flagoverflow      ; work         ;
;    |flagzero:U_ZERO|            ; 1 (1)               ; 0 (0)                     ; 0           ; 0          ; 0            ; 0       ; 0         ; 0    ; 0            ; 0          ; |ULA|flagzero:U_ZERO                                                          ; flagzero          ; work         ;
;    |multiplexador8x8:U_MUX|     ; 22 (0)              ; 0 (0)                     ; 0           ; 0          ; 0            ; 0       ; 0         ; 0    ; 0            ; 0          ; |ULA|multiplexador8x8:U_MUX                                                   ; multiplexador8x8  ; work         ;
;       |multiplexadorbase:BIT0|  ; 5 (5)               ; 0 (0)                     ; 0           ; 0          ; 0            ; 0       ; 0         ; 0    ; 0            ; 0          ; |ULA|multiplexador8x8:U_MUX|multiplexadorbase:BIT0                            ; multiplexadorbase ; work         ;
;       |multiplexadorbase:BIT1|  ; 5 (5)               ; 0 (0)                     ; 0           ; 0          ; 0            ; 0       ; 0         ; 0    ; 0            ; 0          ; |ULA|multiplexador8x8:U_MUX|multiplexadorbase:BIT1                            ; multiplexadorbase ; work         ;
;       |multiplexadorbase:BIT2|  ; 6 (6)               ; 0 (0)                     ; 0           ; 0          ; 0            ; 0       ; 0         ; 0    ; 0            ; 0          ; |ULA|multiplexador8x8:U_MUX|multiplexadorbase:BIT2                            ; multiplexadorbase ; work         ;
;       |multiplexadorbase:BIT3|  ; 6 (6)               ; 0 (0)                     ; 0           ; 0          ; 0            ; 0       ; 0         ; 0    ; 0            ; 0          ; |ULA|multiplexador8x8:U_MUX|multiplexadorbase:BIT3                            ; multiplexadorbase ; work         ;
;    |multiplicador4x4:U_MULTI|   ; 29 (2)              ; 0 (0)                     ; 0           ; 0          ; 0            ; 0       ; 0         ; 0    ; 0            ; 0          ; |ULA|multiplicador4x4:U_MULTI                                                 ; multiplicador4x4  ; work         ;
;       |meiosomador:M11|         ; 2 (2)               ; 0 (0)                     ; 0           ; 0          ; 0            ; 0       ; 0         ; 0    ; 0            ; 0          ; |ULA|multiplicador4x4:U_MULTI|meiosomador:M11                                 ; meiosomador       ; work         ;
;       |meiosomador:M21|         ; 1 (1)               ; 0 (0)                     ; 0           ; 0          ; 0            ; 0       ; 0         ; 0    ; 0            ; 0          ; |ULA|multiplicador4x4:U_MULTI|meiosomador:M21                                 ; meiosomador       ; work         ;
;       |somadorbase:M12|         ; 2 (2)               ; 0 (0)                     ; 0           ; 0          ; 0            ; 0       ; 0         ; 0    ; 0            ; 0          ; |ULA|multiplicador4x4:U_MULTI|somadorbase:M12                                 ; somadorbase       ; work         ;
;       |somadorbase:M13|         ; 1 (1)               ; 0 (0)                     ; 0           ; 0          ; 0            ; 0       ; 0         ; 0    ; 0            ; 0          ; |ULA|multiplicador4x4:U_MULTI|somadorbase:M13                                 ; somadorbase       ; work         ;
;       |somadorbase:M22|         ; 2 (2)               ; 0 (0)                     ; 0           ; 0          ; 0            ; 0       ; 0         ; 0    ; 0            ; 0          ; |ULA|multiplicador4x4:U_MULTI|somadorbase:M22                                 ; somadorbase       ; work         ;
;       |somadorbase:M23|         ; 5 (5)               ; 0 (0)                     ; 0           ; 0          ; 0            ; 0       ; 0         ; 0    ; 0            ; 0          ; |ULA|multiplicador4x4:U_MULTI|somadorbase:M23                                 ; somadorbase       ; work         ;
;       |somadorbase:M24|         ; 4 (4)               ; 0 (0)                     ; 0           ; 0          ; 0            ; 0       ; 0         ; 0    ; 0            ; 0          ; |ULA|multiplicador4x4:U_MULTI|somadorbase:M24                                 ; somadorbase       ; work         ;
;       |somadorbase:M32|         ; 2 (2)               ; 0 (0)                     ; 0           ; 0          ; 0            ; 0       ; 0         ; 0    ; 0            ; 0          ; |ULA|multiplicador4x4:U_MULTI|somadorbase:M32                                 ; somadorbase       ; work         ;
;       |somadorbase:M33|         ; 8 (8)               ; 0 (0)                     ; 0           ; 0          ; 0            ; 0       ; 0         ; 0    ; 0            ; 0          ; |ULA|multiplicador4x4:U_MULTI|somadorbase:M33                                 ; somadorbase       ; work         ;
;    |somador4x4:U_SOMA|          ; 3 (0)               ; 0 (0)                     ; 0           ; 0          ; 0            ; 0       ; 0         ; 0    ; 0            ; 0          ; |ULA|somador4x4:U_SOMA                                                        ; somador4x4        ; work         ;
;       |somadorbase:s0|          ; 1 (1)               ; 0 (0)                     ; 0           ; 0          ; 0            ; 0       ; 0         ; 0    ; 0            ; 0          ; |ULA|somador4x4:U_SOMA|somadorbase:s0                                         ; somadorbase       ; work         ;
;       |somadorbase:s1|          ; 1 (1)               ; 0 (0)                     ; 0           ; 0          ; 0            ; 0       ; 0         ; 0    ; 0            ; 0          ; |ULA|somador4x4:U_SOMA|somadorbase:s1                                         ; somadorbase       ; work         ;
;       |somadorbase:s2|          ; 1 (1)               ; 0 (0)                     ; 0           ; 0          ; 0            ; 0       ; 0         ; 0    ; 0            ; 0          ; |ULA|somador4x4:U_SOMA|somadorbase:s2                                         ; somadorbase       ; work         ;
;    |subtrator4x4:U_SUB|         ; 5 (0)               ; 0 (0)                     ; 0           ; 0          ; 0            ; 0       ; 0         ; 0    ; 0            ; 0          ; |ULA|subtrator4x4:U_SUB                                                       ; subtrator4x4      ; work         ;
;       |subtratorbase:s0|        ; 1 (1)               ; 0 (0)                     ; 0           ; 0          ; 0            ; 0       ; 0         ; 0    ; 0            ; 0          ; |ULA|subtrator4x4:U_SUB|subtratorbase:s0                                      ; subtratorbase     ; work         ;
;       |subtratorbase:s1|        ; 2 (2)               ; 0 (0)                     ; 0           ; 0          ; 0            ; 0       ; 0         ; 0    ; 0            ; 0          ; |ULA|subtrator4x4:U_SUB|subtratorbase:s1                                      ; subtratorbase     ; work         ;
;       |subtratorbase:s2|        ; 2 (2)               ; 0 (0)                     ; 0           ; 0          ; 0            ; 0       ; 0         ; 0    ; 0            ; 0          ; |ULA|subtrator4x4:U_SUB|subtratorbase:s2                                      ; subtratorbase     ; work         ;
+---------------------------------+---------------------+---------------------------+-------------+------------+--------------+---------+-----------+------+--------------+------------+-------------------------------------------------------------------------------+-------------------+--------------+
Note: For table entries with two numbers listed, the numbers in parentheses indicate the number of resources of the given type used by the specific entity alone. The numbers listed outside of parentheses indicate the total resources of the given type used by the specific entity and all of its sub-entities in the hierarchy.


+------------------------------------------------------+
; General Register Statistics                          ;
+----------------------------------------------+-------+
; Statistic                                    ; Value ;
+----------------------------------------------+-------+
; Total registers                              ; 0     ;
; Number of registers using Synchronous Clear  ; 0     ;
; Number of registers using Synchronous Load   ; 0     ;
; Number of registers using Asynchronous Clear ; 0     ;
; Number of registers using Asynchronous Load  ; 0     ;
; Number of registers using Clock Enable       ; 0     ;
; Number of registers using Preset             ; 0     ;
+----------------------------------------------+-------+


+---------------------------------------------------------------------------+
; Port Connectivity Checks: "multiplexador8x8:U_MUX|multiplexadorbase:BIT7" ;
+------+-------+----------+-------------------------------------------------+
; Port ; Type  ; Severity ; Details                                         ;
+------+-------+----------+-------------------------------------------------+
; E0   ; Input ; Info     ; Stuck at GND                                    ;
; E1   ; Input ; Info     ; Stuck at GND                                    ;
; E4   ; Input ; Info     ; Stuck at GND                                    ;
; E5   ; Input ; Info     ; Stuck at GND                                    ;
; E6   ; Input ; Info     ; Stuck at GND                                    ;
; E7   ; Input ; Info     ; Stuck at GND                                    ;
+------+-------+----------+-------------------------------------------------+


+---------------------------------------------------------------------------+
; Port Connectivity Checks: "multiplexador8x8:U_MUX|multiplexadorbase:BIT6" ;
+------+-------+----------+-------------------------------------------------+
; Port ; Type  ; Severity ; Details                                         ;
+------+-------+----------+-------------------------------------------------+
; E0   ; Input ; Info     ; Stuck at GND                                    ;
; E1   ; Input ; Info     ; Stuck at GND                                    ;
; E4   ; Input ; Info     ; Stuck at GND                                    ;
; E5   ; Input ; Info     ; Stuck at GND                                    ;
; E6   ; Input ; Info     ; Stuck at GND                                    ;
; E7   ; Input ; Info     ; Stuck at GND                                    ;
+------+-------+----------+-------------------------------------------------+


+---------------------------------------------------------------------------+
; Port Connectivity Checks: "multiplexador8x8:U_MUX|multiplexadorbase:BIT5" ;
+------+-------+----------+-------------------------------------------------+
; Port ; Type  ; Severity ; Details                                         ;
+------+-------+----------+-------------------------------------------------+
; E0   ; Input ; Info     ; Stuck at GND                                    ;
; E1   ; Input ; Info     ; Stuck at GND                                    ;
; E4   ; Input ; Info     ; Stuck at GND                                    ;
; E5   ; Input ; Info     ; Stuck at GND                                    ;
; E6   ; Input ; Info     ; Stuck at GND                                    ;
; E7   ; Input ; Info     ; Stuck at GND                                    ;
+------+-------+----------+-------------------------------------------------+


+---------------------------------------------------------------------------+
; Port Connectivity Checks: "multiplexador8x8:U_MUX|multiplexadorbase:BIT4" ;
+------+-------+----------+-------------------------------------------------+
; Port ; Type  ; Severity ; Details                                         ;
+------+-------+----------+-------------------------------------------------+
; E0   ; Input ; Info     ; Stuck at GND                                    ;
; E1   ; Input ; Info     ; Stuck at GND                                    ;
; E4   ; Input ; Info     ; Stuck at GND                                    ;
; E5   ; Input ; Info     ; Stuck at GND                                    ;
; E6   ; Input ; Info     ; Stuck at GND                                    ;
; E7   ; Input ; Info     ; Stuck at GND                                    ;
+------+-------+----------+-------------------------------------------------+


+---------------------------------------------------------------------------+
; Port Connectivity Checks: "multiplexador8x8:U_MUX|multiplexadorbase:BIT3" ;
+------+-------+----------+-------------------------------------------------+
; Port ; Type  ; Severity ; Details                                         ;
+------+-------+----------+-------------------------------------------------+
; E7   ; Input ; Info     ; Stuck at GND                                    ;
+------+-------+----------+-------------------------------------------------+


+---------------------------------------------------------------------------+
; Port Connectivity Checks: "multiplexador8x8:U_MUX|multiplexadorbase:BIT2" ;
+------+-------+----------+-------------------------------------------------+
; Port ; Type  ; Severity ; Details                                         ;
+------+-------+----------+-------------------------------------------------+
; E7   ; Input ; Info     ; Stuck at GND                                    ;
+------+-------+----------+-------------------------------------------------+


+---------------------------------------------------------------------------+
; Port Connectivity Checks: "multiplexador8x8:U_MUX|multiplexadorbase:BIT1" ;
+------+-------+----------+-------------------------------------------------+
; Port ; Type  ; Severity ; Details                                         ;
+------+-------+----------+-------------------------------------------------+
; E7   ; Input ; Info     ; Stuck at GND                                    ;
+------+-------+----------+-------------------------------------------------+


+---------------------------------------------------------------------------+
; Port Connectivity Checks: "multiplexador8x8:U_MUX|multiplexadorbase:BIT0" ;
+------+-------+----------+-------------------------------------------------+
; Port ; Type  ; Severity ; Details                                         ;
+------+-------+----------+-------------------------------------------------+
; E7   ; Input ; Info     ; Stuck at GND                                    ;
+------+-------+----------+-------------------------------------------------+


+-----------------------------------------------------------------------------------+
; Port Connectivity Checks: "divisor4x4:U_DIV|estagiodivisao:E0|subtrator4x4:U_SUB" ;
+------+-------+----------+---------------------------------------------------------+
; Port ; Type  ; Severity ; Details                                                 ;
+------+-------+----------+---------------------------------------------------------+
; Bin  ; Input ; Info     ; Stuck at GND                                            ;
+------+-------+----------+---------------------------------------------------------+


+----------------------------------------------------------------+
; Port Connectivity Checks: "divisor4x4:U_DIV|estagiodivisao:E0" ;
+----------------+-------+----------+----------------------------+
; Port           ; Type  ; Severity ; Details                    ;
+----------------+-------+----------+----------------------------+
; Resto_anterior ; Input ; Info     ; Stuck at GND               ;
+----------------+-------+----------+----------------------------+


+-----------------------------------------------------------------------------------------------------------------------------------------------------------------------------------------------------+
; Port Connectivity Checks: "divisor4x4:U_DIV"                                                                                                                                                        ;
+---------+--------+----------+-----------------------------------------------------------------------------------------------------------------------------------------------------------------------+
; Port    ; Type   ; Severity ; Details                                                                                                                                                               ;
+---------+--------+----------+-----------------------------------------------------------------------------------------------------------------------------------------------------------------------+
; Q       ; Output ; Warning  ; Output or bidir port (4 bits) is smaller than the port expression (8 bits) it drives.  The 4 most-significant bit(s) in the port expression will be connected to GND. ;
; R       ; Output ; Warning  ; Output or bidir port (4 bits) is smaller than the port expression (8 bits) it drives.  The 4 most-significant bit(s) in the port expression will be connected to GND. ;
; R[3..0] ; Output ; Info     ; Connected to dangling logic. Logic that only feeds a dangling port will be removed.                                                                                   ;
+---------+--------+----------+-----------------------------------------------------------------------------------------------------------------------------------------------------------------------+


+----------------------------------------------------------------------+
; Port Connectivity Checks: "multiplicador4x4:U_MULTI|somadorbase:M14" ;
+------+-------+----------+--------------------------------------------+
; Port ; Type  ; Severity ; Details                                    ;
+------+-------+----------+--------------------------------------------+
; A    ; Input ; Info     ; Stuck at GND                               ;
+------+-------+----------+--------------------------------------------+


+-----------------------------------------------------+
; Post-Synthesis Netlist Statistics for Top Partition ;
+-----------------------+-----------------------------+
; Type                  ; Count                       ;
+-----------------------+-----------------------------+
; boundary_port         ; 30                          ;
; cycloneiii_lcell_comb ; 102                         ;
;     normal            ; 102                         ;
;         0 data inputs ; 2                           ;
;         1 data inputs ; 1                           ;
;         2 data inputs ; 10                          ;
;         3 data inputs ; 23                          ;
;         4 data inputs ; 66                          ;
;                       ;                             ;
; Max LUT depth         ; 11.00                       ;
; Average LUT depth     ; 8.75                        ;
+-----------------------+-----------------------------+


+-------------------------------+
; Elapsed Time Per Partition    ;
+----------------+--------------+
; Partition Name ; Elapsed Time ;
+----------------+--------------+
; Top            ; 00:00:00     ;
+----------------+--------------+


+-------------------------------+
; Analysis & Synthesis Messages ;
+-------------------------------+
Info: *******************************************************************
Info: Running Quartus Prime Analysis & Synthesis
    Info: Version 23.1std.0 Build 991 11/28/2023 SC Lite Edition
    Info: Processing started: Mon Sep 22 09:47:50 2025
Info: Command: quartus_map --read_settings_files=on --write_settings_files=off novopbl -c novopbl
Warning (18236): Number of processors has not been specified which may cause overloading on shared machines.  Set the global assignment NUM_PARALLEL_PROCESSORS in your QSF to an appropriate value for best performance.
Info (20030): Parallel compilation is enabled and will use 14 of the 14 processors detected
Info (12021): Found 1 design units, including 1 entities, in source file xor4bits.v
    Info (12023): Found entity 1: xor4bits File: /home/aluno/Documentos/pbl walef/xor4bits.v Line: 1
Info (12021): Found 1 design units, including 1 entities, in source file and4bits.v
    Info (12023): Found entity 1: and4bits File: /home/aluno/Documentos/pbl walef/and4bits.v Line: 1
Info (12021): Found 1 design units, including 1 entities, in source file or4bits.v
    Info (12023): Found entity 1: or4bits File: /home/aluno/Documentos/pbl walef/or4bits.v Line: 2
Info (12021): Found 1 design units, including 1 entities, in source file somadorbase.v
    Info (12023): Found entity 1: somadorbase File: /home/aluno/Documentos/pbl walef/somadorbase.v Line: 1
Info (12021): Found 1 design units, including 1 entities, in source file somador4x4.v
    Info (12023): Found entity 1: somador4x4 File: /home/aluno/Documentos/pbl walef/somador4x4.v Line: 1
Info (12021): Found 1 design units, including 1 entities, in source file subtratorbase.v
    Info (12023): Found entity 1: subtratorbase File: /home/aluno/Documentos/pbl walef/subtratorbase.v Line: 1
Info (12021): Found 1 design units, including 1 entities, in source file subtrator4x4.v
    Info (12023): Found entity 1: subtrator4x4 File: /home/aluno/Documentos/pbl walef/subtrator4x4.v Line: 1
Info (12021): Found 1 design units, including 1 entities, in source file multiplexadorbase.v
    Info (12023): Found entity 1: multiplexadorbase File: /home/aluno/Documentos/pbl walef/multiplexadorbase.v Line: 1
Info (12021): Found 1 design units, including 1 entities, in source file multiplexador8x8.v
    Info (12023): Found entity 1: multiplexador8x8 File: /home/aluno/Documentos/pbl walef/multiplexador8x8.v Line: 1
Info (12021): Found 1 design units, including 1 entities, in source file flagzero.v
    Info (12023): Found entity 1: flagzero File: /home/aluno/Documentos/pbl walef/flagzero.v Line: 1
Info (12021): Found 1 design units, including 1 entities, in source file flagcout.v
    Info (12023): Found entity 1: flagcout File: /home/aluno/Documentos/pbl walef/flagcout.v Line: 1
Info (12021): Found 1 design units, including 1 entities, in source file ULA.v
    Info (12023): Found entity 1: ULA File: /home/aluno/Documentos/pbl walef/ULA.v Line: 1
Info (12021): Found 1 design units, including 1 entities, in source file muxdivisorbase.v
    Info (12023): Found entity 1: muxdivisorbase File: /home/aluno/Documentos/pbl walef/muxdivisorbase.v Line: 1
Info (12021): Found 1 design units, including 1 entities, in source file muxdivisor4x4.v
    Info (12023): Found entity 1: muxdivisor4x4 File: /home/aluno/Documentos/pbl walef/muxdivisor4x4.v Line: 1
Info (12021): Found 1 design units, including 1 entities, in source file divisor4x4.v
    Info (12023): Found entity 1: divisor4x4 File: /home/aluno/Documentos/pbl walef/divisor4x4.v Line: 1
Info (12021): Found 1 design units, including 1 entities, in source file meiosomador.v
    Info (12023): Found entity 1: meiosomador File: /home/aluno/Documentos/pbl walef/meiosomador.v Line: 1
Info (12021): Found 1 design units, including 1 entities, in source file multiplicador4x4.v
    Info (12023): Found entity 1: multiplicador4x4 File: /home/aluno/Documentos/pbl walef/multiplicador4x4.v Line: 1
Info (12021): Found 1 design units, including 1 entities, in source file flagoverflow.v
    Info (12023): Found entity 1: flagoverflow File: /home/aluno/Documentos/pbl walef/flagoverflow.v Line: 1
Info (12021): Found 1 design units, including 1 entities, in source file flagerro.v
    Info (12023): Found entity 1: flagerro File: /home/aluno/Documentos/pbl walef/flagerro.v Line: 1
Info (12021): Found 1 design units, including 1 entities, in source file estagiodivisao.v
    Info (12023): Found entity 1: estagiodivisao File: /home/aluno/Documentos/pbl walef/estagiodivisao.v Line: 1
Info (12021): Found 1 design units, including 1 entities, in source file seg_a0.v
    Info (12023): Found entity 1: seg_a0 File: /home/aluno/Documentos/pbl walef/seg_a0.v Line: 1
Info (12021): Found 1 design units, including 1 entities, in source file seg_a1.v
    Info (12023): Found entity 1: seg_a1 File: /home/aluno/Documentos/pbl walef/seg_a1.v Line: 1
Info (12021): Found 1 design units, including 1 entities, in source file seg_b0.v
    Info (12023): Found entity 1: seg_b0 File: /home/aluno/Documentos/pbl walef/seg_b0.v Line: 1
Info (12021): Found 1 design units, including 1 entities, in source file seg_b1.v
    Info (12023): Found entity 1: seg_b1 File: /home/aluno/Documentos/pbl walef/seg_b1.v Line: 1
Info (12021): Found 1 design units, including 1 entities, in source file seg_c0.v
    Info (12023): Found entity 1: seg_c0 File: /home/aluno/Documentos/pbl walef/seg_c0.v Line: 1
Info (12021): Found 1 design units, including 1 entities, in source file seg_c1.v
    Info (12023): Found entity 1: seg_c1 File: /home/aluno/Documentos/pbl walef/seg_c1.v Line: 1
Info (12021): Found 1 design units, including 1 entities, in source file seg_d0.v
    Info (12023): Found entity 1: seg_d0 File: /home/aluno/Documentos/pbl walef/seg_d0.v Line: 1
Info (12021): Found 1 design units, including 1 entities, in source file seg_d1.v
    Info (12023): Found entity 1: seg_d1 File: /home/aluno/Documentos/pbl walef/seg_d1.v Line: 1
Info (12021): Found 1 design units, including 1 entities, in source file seg_e0.v
    Info (12023): Found entity 1: seg_e0 File: /home/aluno/Documentos/pbl walef/seg_e0.v Line: 1
Info (12021): Found 1 design units, including 1 entities, in source file seg_e1.v
    Info (12023): Found entity 1: seg_e1 File: /home/aluno/Documentos/pbl walef/seg_e1.v Line: 1
Info (12021): Found 1 design units, including 1 entities, in source file seg_f0.v
    Info (12023): Found entity 1: seg_f0 File: /home/aluno/Documentos/pbl walef/seg_f0.v Line: 1
Info (12021): Found 1 design units, including 1 entities, in source file seg_f1.v
    Info (12023): Found entity 1: seg_f1 File: /home/aluno/Documentos/pbl walef/seg_f1.v Line: 1
Info (12021): Found 1 design units, including 1 entities, in source file seg_g0.v
    Info (12023): Found entity 1: seg_g0 File: /home/aluno/Documentos/pbl walef/seg_g0.v Line: 1
Info (12021): Found 1 design units, including 1 entities, in source file seg_g1.v
    Info (12023): Found entity 1: seg_g1 File: /home/aluno/Documentos/pbl walef/seg_g1.v Line: 1
Info (12021): Found 1 design units, including 1 entities, in source file decoder_7seg.v
    Info (12023): Found entity 1: decoder_7seg File: /home/aluno/Documentos/pbl walef/decoder_7seg.v Line: 1
Warning (10236): Verilog HDL Implicit Net warning at seg_b0.v(12): created implicit net for "not_s6" File: /home/aluno/Documentos/pbl walef/seg_b0.v Line: 12
Warning (10236): Verilog HDL Implicit Net warning at seg_b0.v(12): created implicit net for "s6" File: /home/aluno/Documentos/pbl walef/seg_b0.v Line: 12
Warning (10236): Verilog HDL Implicit Net warning at seg_b0.v(13): created implicit net for "not_s5" File: /home/aluno/Documentos/pbl walef/seg_b0.v Line: 13
Warning (10236): Verilog HDL Implicit Net warning at seg_b0.v(13): created implicit net for "s5" File: /home/aluno/Documentos/pbl walef/seg_b0.v Line: 13
Warning (10236): Verilog HDL Implicit Net warning at seg_b0.v(14): created implicit net for "not_s4" File: /home/aluno/Documentos/pbl walef/seg_b0.v Line: 14
Warning (10236): Verilog HDL Implicit Net warning at seg_b0.v(14): created implicit net for "s4" File: /home/aluno/Documentos/pbl walef/seg_b0.v Line: 14
Warning (10236): Verilog HDL Implicit Net warning at seg_d0.v(13): created implicit net for "not_s6" File: /home/aluno/Documentos/pbl walef/seg_d0.v Line: 13
Warning (10236): Verilog HDL Implicit Net warning at seg_d0.v(13): created implicit net for "s6" File: /home/aluno/Documentos/pbl walef/seg_d0.v Line: 13
Warning (10236): Verilog HDL Implicit Net warning at seg_d0.v(14): created implicit net for "not_s5" File: /home/aluno/Documentos/pbl walef/seg_d0.v Line: 14
Warning (10236): Verilog HDL Implicit Net warning at seg_d0.v(14): created implicit net for "s5" File: /home/aluno/Documentos/pbl walef/seg_d0.v Line: 14
Warning (10236): Verilog HDL Implicit Net warning at seg_d0.v(15): created implicit net for "not_s4" File: /home/aluno/Documentos/pbl walef/seg_d0.v Line: 15
Warning (10236): Verilog HDL Implicit Net warning at seg_d0.v(15): created implicit net for "s4" File: /home/aluno/Documentos/pbl walef/seg_d0.v Line: 15
Info (12127): Elaborating entity "ULA" for the top level hierarchy
Info (12128): Elaborating entity "somador4x4" for hierarchy "somador4x4:U_SOMA" File: /home/aluno/Documentos/pbl walef/ULA.v Line: 29
Info (12128): Elaborating entity "somadorbase" for hierarchy "somador4x4:U_SOMA|somadorbase:s0" File: /home/aluno/Documentos/pbl walef/somador4x4.v Line: 12
Info (12128): Elaborating entity "subtrator4x4" for hierarchy "subtrator4x4:U_SUB" File: /home/aluno/Documentos/pbl walef/ULA.v Line: 30
Info (12128): Elaborating entity "subtratorbase" for hierarchy "subtrator4x4:U_SUB|subtratorbase:s0" File: /home/aluno/Documentos/pbl walef/subtrator4x4.v Line: 11
Info (12128): Elaborating entity "multiplicador4x4" for hierarchy "multiplicador4x4:U_MULTI" File: /home/aluno/Documentos/pbl walef/ULA.v Line: 31
Info (12128): Elaborating entity "meiosomador" for hierarchy "multiplicador4x4:U_MULTI|meiosomador:M11" File: /home/aluno/Documentos/pbl walef/multiplicador4x4.v Line: 42
Info (12128): Elaborating entity "divisor4x4" for hierarchy "divisor4x4:U_DIV" File: /home/aluno/Documentos/pbl walef/ULA.v Line: 32
Info (12128): Elaborating entity "estagiodivisao" for hierarchy "divisor4x4:U_DIV|estagiodivisao:E0" File: /home/aluno/Documentos/pbl walef/divisor4x4.v Line: 19
Info (12128): Elaborating entity "muxdivisor4x4" for hierarchy "divisor4x4:U_DIV|estagiodivisao:E0|muxdivisor4x4:U_MUX" File: /home/aluno/Documentos/pbl walef/estagiodivisao.v Line: 34
Info (12128): Elaborating entity "muxdivisorbase" for hierarchy "divisor4x4:U_DIV|estagiodivisao:E0|muxdivisor4x4:U_MUX|muxdivisorbase:U0" File: /home/aluno/Documentos/pbl walef/muxdivisor4x4.v Line: 8
Info (12128): Elaborating entity "xor4bits" for hierarchy "xor4bits:U_XOR" File: /home/aluno/Documentos/pbl walef/ULA.v Line: 33
Info (12128): Elaborating entity "and4bits" for hierarchy "and4bits:U_AND" File: /home/aluno/Documentos/pbl walef/ULA.v Line: 34
Info (12128): Elaborating entity "or4bits" for hierarchy "or4bits:U_OR" File: /home/aluno/Documentos/pbl walef/ULA.v Line: 35
Info (12128): Elaborating entity "multiplexador8x8" for hierarchy "multiplexador8x8:U_MUX" File: /home/aluno/Documentos/pbl walef/ULA.v Line: 40
Info (12128): Elaborating entity "multiplexadorbase" for hierarchy "multiplexador8x8:U_MUX|multiplexadorbase:BIT0" File: /home/aluno/Documentos/pbl walef/multiplexador8x8.v Line: 18
Info (12128): Elaborating entity "flagoverflow" for hierarchy "flagoverflow:U_OVERFLOW" File: /home/aluno/Documentos/pbl walef/ULA.v Line: 56
Info (12128): Elaborating entity "flagcout" for hierarchy "flagcout:U_COUT" File: /home/aluno/Documentos/pbl walef/ULA.v Line: 57
Info (12128): Elaborating entity "flagzero" for hierarchy "flagzero:U_ZERO" File: /home/aluno/Documentos/pbl walef/ULA.v Line: 58
Info (12128): Elaborating entity "flagerro" for hierarchy "flagerro:U_ERRO" File: /home/aluno/Documentos/pbl walef/ULA.v Line: 59
Info (12128): Elaborating entity "decoder_7seg" for hierarchy "decoder_7seg:U_DECODER" File: /home/aluno/Documentos/pbl walef/ULA.v Line: 71
Info (12128): Elaborating entity "seg_a0" for hierarchy "decoder_7seg:U_DECODER|seg_a0:a0_inst" File: /home/aluno/Documentos/pbl walef/decoder_7seg.v Line: 11
Info (12128): Elaborating entity "seg_b0" for hierarchy "decoder_7seg:U_DECODER|seg_b0:b0_inst" File: /home/aluno/Documentos/pbl walef/decoder_7seg.v Line: 16
Info (12128): Elaborating entity "seg_c0" for hierarchy "decoder_7seg:U_DECODER|seg_c0:c0_inst" File: /home/aluno/Documentos/pbl walef/decoder_7seg.v Line: 21
Info (12128): Elaborating entity "seg_d0" for hierarchy "decoder_7seg:U_DECODER|seg_d0:d0_inst" File: /home/aluno/Documentos/pbl walef/decoder_7seg.v Line: 26
Info (12128): Elaborating entity "seg_e0" for hierarchy "decoder_7seg:U_DECODER|seg_e0:e0_inst" File: /home/aluno/Documentos/pbl walef/decoder_7seg.v Line: 31
Info (12128): Elaborating entity "seg_f0" for hierarchy "decoder_7seg:U_DECODER|seg_f0:f0_inst" File: /home/aluno/Documentos/pbl walef/decoder_7seg.v Line: 36
Info (12128): Elaborating entity "seg_g0" for hierarchy "decoder_7seg:U_DECODER|seg_g0:g0_inst" File: /home/aluno/Documentos/pbl walef/decoder_7seg.v Line: 41
Info (12128): Elaborating entity "seg_a1" for hierarchy "decoder_7seg:U_DECODER|seg_a1:a1_inst" File: /home/aluno/Documentos/pbl walef/decoder_7seg.v Line: 46
Info (12128): Elaborating entity "seg_b1" for hierarchy "decoder_7seg:U_DECODER|seg_b1:b1_inst" File: /home/aluno/Documentos/pbl walef/decoder_7seg.v Line: 51
Info (12128): Elaborating entity "seg_c1" for hierarchy "decoder_7seg:U_DECODER|seg_c1:c1_inst" File: /home/aluno/Documentos/pbl walef/decoder_7seg.v Line: 56
Info (12128): Elaborating entity "seg_d1" for hierarchy "decoder_7seg:U_DECODER|seg_d1:d1_inst" File: /home/aluno/Documentos/pbl walef/decoder_7seg.v Line: 61
Info (12128): Elaborating entity "seg_e1" for hierarchy "decoder_7seg:U_DECODER|seg_e1:e1_inst" File: /home/aluno/Documentos/pbl walef/decoder_7seg.v Line: 66
Info (12128): Elaborating entity "seg_f1" for hierarchy "decoder_7seg:U_DECODER|seg_f1:f1_inst" File: /home/aluno/Documentos/pbl walef/decoder_7seg.v Line: 71
Info (12128): Elaborating entity "seg_g1" for hierarchy "decoder_7seg:U_DECODER|seg_g1:g1_inst" File: /home/aluno/Documentos/pbl walef/decoder_7seg.v Line: 76
Warning (12011): Net is missing source, defaulting to GND
    Warning (12110): Net "Div[7]" is missing source, defaulting to GND File: /home/aluno/Documentos/pbl walef/ULA.v Line: 21
    Warning (12110): Net "Div[6]" is missing source, defaulting to GND File: /home/aluno/Documentos/pbl walef/ULA.v Line: 21
    Warning (12110): Net "Div[5]" is missing source, defaulting to GND File: /home/aluno/Documentos/pbl walef/ULA.v Line: 21
    Warning (12110): Net "Div[4]" is missing source, defaulting to GND File: /home/aluno/Documentos/pbl walef/ULA.v Line: 21
Warning (12011): Net is missing source, defaulting to GND
    Warning (12110): Net "Div[7]" is missing source, defaulting to GND File: /home/aluno/Documentos/pbl walef/ULA.v Line: 21
    Warning (12110): Net "Div[6]" is missing source, defaulting to GND File: /home/aluno/Documentos/pbl walef/ULA.v Line: 21
    Warning (12110): Net "Div[5]" is missing source, defaulting to GND File: /home/aluno/Documentos/pbl walef/ULA.v Line: 21
    Warning (12110): Net "Div[4]" is missing source, defaulting to GND File: /home/aluno/Documentos/pbl walef/ULA.v Line: 21
Warning (12011): Net is missing source, defaulting to GND
    Warning (12110): Net "Div[7]" is missing source, defaulting to GND File: /home/aluno/Documentos/pbl walef/ULA.v Line: 21
    Warning (12110): Net "Div[6]" is missing source, defaulting to GND File: /home/aluno/Documentos/pbl walef/ULA.v Line: 21
    Warning (12110): Net "Div[5]" is missing source, defaulting to GND File: /home/aluno/Documentos/pbl walef/ULA.v Line: 21
    Warning (12110): Net "Div[4]" is missing source, defaulting to GND File: /home/aluno/Documentos/pbl walef/ULA.v Line: 21
Warning (12011): Net is missing source, defaulting to GND
    Warning (12110): Net "Div[7]" is missing source, defaulting to GND File: /home/aluno/Documentos/pbl walef/ULA.v Line: 21
    Warning (12110): Net "Div[6]" is missing source, defaulting to GND File: /home/aluno/Documentos/pbl walef/ULA.v Line: 21
    Warning (12110): Net "Div[5]" is missing source, defaulting to GND File: /home/aluno/Documentos/pbl walef/ULA.v Line: 21
    Warning (12110): Net "Div[4]" is missing source, defaulting to GND File: /home/aluno/Documentos/pbl walef/ULA.v Line: 21
Info (13014): Ignored 13 buffer(s)
    Info (13019): Ignored 13 SOFT buffer(s)
Warning (12241): 1 hierarchies have connectivity warnings - see the Connectivity Checks report folder
Warning (13024): Output pins are stuck at VCC or GND
    Warning (13410): Pin "b1" is stuck at GND File: /home/aluno/Documentos/pbl walef/ULA.v Line: 11
    Warning (13410): Pin "c1" is stuck at GND File: /home/aluno/Documentos/pbl walef/ULA.v Line: 11
    Warning (13410): Pin "g1" is stuck at VCC File: /home/aluno/Documentos/pbl walef/ULA.v Line: 11
Info (286030): Timing-Driven Synthesis is running
Info (144001): Generated suppressed messages file /home/aluno/Documentos/pbl walef/output_files/novopbl.map.smsg
Info (16010): Generating hard_block partition "hard_block:auto_generated_inst"
    Info (16011): Adding 0 node(s), including 0 DDIO, 0 PLL, 0 transceiver and 0 LCELL
Info (21057): Implemented 129 device resources after synthesis - the final resource count might be different
    Info (21058): Implemented 12 input pins
    Info (21059): Implemented 18 output pins
    Info (21061): Implemented 99 logic cells
Info: Quartus Prime Analysis & Synthesis was successful. 0 errors, 38 warnings
    Info: Peak virtual memory: 403 megabytes
    Info: Processing ended: Mon Sep 22 09:47:55 2025
    Info: Elapsed time: 00:00:05
    Info: Total CPU time (on all processors): 00:00:14


+------------------------------------------+
; Analysis & Synthesis Suppressed Messages ;
+------------------------------------------+
The suppressed messages can be found in /home/aluno/Documentos/pbl walef/output_files/novopbl.map.smsg.


